[00:00:34] [Server thread/INFO] [net.minecraft.server.dedicated.DedicatedServer]: NoSoyAPA has made the advancement [Cover Me With Diamonds]
[00:00:41] [Server thread/INFO] [net.minecraft.server.dedicated.DedicatedServer]: <NoSoyAPA> ya tengo armadura descente
[00:00:43] [Server thread/INFO] [net.minecraft.server.dedicated.DedicatedServer]: <moltgames> 1
[00:00:47] [Server thread/WARN] [FML]: Quark loaded a new chunk [18, -35] in dimension 0 (overworld) while populating chunk [19, -35], causing cascading worldgen lag.
[00:00:47] [Server thread/WARN] [FML]: Please report this to the mod's issue tracker. This log can be disabled in the Forge config.
[00:00:47] [Server thread/WARN] [FML]: Quark loaded a new chunk [18, -34] in dimension 0 (overworld) while populating chunk [19, -35], causing cascading worldgen lag.
[00:00:47] [Server thread/WARN] [FML]: Please report this to the mod's issue tracker. This log can be disabled in the Forge config.
[00:03:05] [Server thread/INFO] [net.minecraft.server.dedicated.DedicatedServer]: Guiso_de_Posho has made the advancement [A Seedy Place]
[00:03:08] [Server thread/WARN] [FML]: SRP: Nests Addon (by NoCube) loaded a new chunk [41, -8] in dimension 0 (overworld) while populating chunk [40, -8], causing cascading worldgen lag.
[00:03:08] [Server thread/WARN] [FML]: Please report this to the mod's issue tracker. This log can be disabled in the Forge config.
[00:03:08] [Server thread/WARN] [net.minecraft.entity.EntityList]: Skipping Entity with id minecraft:
[00:03:18] [Server thread/WARN] [FML]: Quark loaded a new chunk [42, -17] in dimension 0 (overworld) while populating chunk [42, -16], causing cascading worldgen lag.
[00:03:18] [Server thread/WARN] [FML]: Please report this to the mod's issue tracker. This log can be disabled in the Forge config.
[00:03:18] [Server thread/WARN] [FML]: Quark loaded a new chunk [43, -17] in dimension 0 (overworld) while populating chunk [42, -16], causing cascading worldgen lag.
[00:03:18] [Server thread/WARN] [FML]: Please report this to the mod's issue tracker. This log can be disabled in the Forge config.
[00:05:37] [Server thread/INFO] [net.minecraft.server.dedicated.DedicatedServer]: [: Object successfully summoned]
[00:05:37] [Server thread/INFO] [net.minecraft.server.dedicated.DedicatedServer]: [: Object successfully summoned]
[00:05:37] [Server thread/INFO] [net.minecraft.server.dedicated.DedicatedServer]: [: Object successfully summoned]
[00:05:37] [Server thread/INFO] [net.minecraft.server.dedicated.DedicatedServer]: [: Playing effect smoke for 30 times]
[00:05:37] [Server thread/INFO] [net.minecraft.server.dedicated.DedicatedServer]: [: Played sound 'srparasites:flesh.primitive' to NoSoyAPA]
[00:05:40] [Server thread/INFO] [net.minecraft.server.dedicated.DedicatedServer]: [: Playing effect smoke for 30 times]
[00:05:40] [Server thread/INFO] [net.minecraft.server.dedicated.DedicatedServer]: [: Played sound 'srparasites:flesh.primitive' to NoSoyAPA]
[00:05:41] [Server thread/INFO] [net.minecraft.server.dedicated.DedicatedServer]: [: Object successfully summoned]
[00:05:41] [Server thread/INFO] [net.minecraft.server.dedicated.DedicatedServer]: [: Object successfully summoned]
[00:05:41] [Server thread/INFO] [net.minecraft.server.dedicated.DedicatedServer]: [: Playing effect smoke for 30 times]
[00:05:41] [Server thread/INFO] [net.minecraft.server.dedicated.DedicatedServer]: [: Played sound 'srparasites:flesh.primitive' to NoSoyAPA]
[00:05:48] [Server thread/INFO] [net.minecraft.server.dedicated.DedicatedServer]: [: Object successfully summoned]
[00:05:48] [Server thread/INFO] [net.minecraft.server.dedicated.DedicatedServer]: [: Object successfully summoned]
[00:05:48] [Server thread/INFO] [net.minecraft.server.dedicated.DedicatedServer]: [: Playing effect smoke for 30 times]
[00:05:48] [Server thread/INFO] [net.minecraft.server.dedicated.DedicatedServer]: [: Played sound 'srparasites:flesh.primitive' to NoSoyAPA]
[00:06:02] [Server thread/INFO] [net.minecraft.server.dedicated.DedicatedServer]: [: Playing effect smoke for 30 times]
[00:06:02] [Server thread/INFO] [net.minecraft.server.dedicated.DedicatedServer]: [: Played sound 'srparasites:flesh.primitive' to NoSoyAPA]
[00:06:05] [Server thread/INFO] [net.minecraft.server.dedicated.DedicatedServer]: [: Object successfully summoned]
[00:06:05] [Server thread/INFO] [net.minecraft.server.dedicated.DedicatedServer]: [: Object successfully summoned]
[00:06:05] [Server thread/INFO] [net.minecraft.server.dedicated.DedicatedServer]: [: Playing effect smoke for 30 times]
[00:06:05] [Server thread/INFO] [net.minecraft.server.dedicated.DedicatedServer]: [: Played sound 'srparasites:flesh.primitive' to NoSoyAPA]
[00:06:10] [Server thread/INFO] [net.minecraft.server.dedicated.DedicatedServer]: [: Object successfully summoned]
[00:06:10] [Server thread/INFO] [net.minecraft.server.dedicated.DedicatedServer]: [: Object successfully summoned]
[00:06:10] [Server thread/INFO] [net.minecraft.server.dedicated.DedicatedServer]: [: Playing effect smoke for 30 times]
[00:06:10] [Server thread/INFO] [net.minecraft.server.dedicated.DedicatedServer]: [: Played sound 'srparasites:flesh.primitive' to NoSoyAPA]
[00:06:15] [Server thread/INFO] [net.minecraft.server.dedicated.DedicatedServer]: [: Object successfully summoned]
[00:06:15] [Server thread/INFO] [net.minecraft.server.dedicated.DedicatedServer]: [: Object successfully summoned]
[00:06:15] [Server thread/INFO] [net.minecraft.server.dedicated.DedicatedServer]: [: Object successfully summoned]
[00:06:15] [Server thread/INFO] [net.minecraft.server.dedicated.DedicatedServer]: [: Playing effect smoke for 30 times]
[00:06:15] [Server thread/INFO] [net.minecraft.server.dedicated.DedicatedServer]: [: Played sound 'srparasites:flesh.primitive' to NoSoyAPA]
[00:06:17] [Server thread/INFO] [net.minecraft.server.dedicated.DedicatedServer]: [: Object successfully summoned]
[00:06:17] [Server thread/INFO] [net.minecraft.server.dedicated.DedicatedServer]: [: Object successfully summoned]
[00:06:17] [Server thread/INFO] [net.minecraft.server.dedicated.DedicatedServer]: [: Playing effect smoke for 30 times]
[00:06:17] [Server thread/INFO] [net.minecraft.server.dedicated.DedicatedServer]: [: Played sound 'srparasites:flesh.primitive' to NoSoyAPA]
[00:06:31] [Server thread/INFO] [net.minecraft.server.dedicated.DedicatedServer]: [: Playing effect smoke for 30 times]
[00:06:31] [Server thread/INFO] [net.minecraft.server.dedicated.DedicatedServer]: [: Played sound 'srparasites:flesh.primitive' to NoSoyAPA]
[00:06:32] [Server thread/INFO] [net.minecraft.server.dedicated.DedicatedServer]: [: Object successfully summoned]
[00:06:32] [Server thread/INFO] [net.minecraft.server.dedicated.DedicatedServer]: [: Object successfully summoned]
[00:06:32] [Server thread/INFO] [net.minecraft.server.dedicated.DedicatedServer]: [: Playing effect smoke for 30 times]
[00:06:32] [Server thread/INFO] [net.minecraft.server.dedicated.DedicatedServer]: [: Played sound 'srparasites:flesh.primitive' to NoSoyAPA]
[00:06:36] [Server thread/INFO] [net.minecraft.server.dedicated.DedicatedServer]: moltgames has made the advancement [Hot Stuff]
[00:06:39] [Server thread/INFO] [net.minecraft.server.dedicated.DedicatedServer]: [: Object successfully summoned]
[00:06:39] [Server thread/INFO] [net.minecraft.server.dedicated.DedicatedServer]: [: Object successfully summoned]
[00:06:39] [Server thread/INFO] [net.minecraft.server.dedicated.DedicatedServer]: [: Object successfully summoned]
[00:06:39] [Server thread/INFO] [net.minecraft.server.dedicated.DedicatedServer]: [: Playing effect smoke for 30 times]
[00:06:39] [Server thread/INFO] [net.minecraft.server.dedicated.DedicatedServer]: [: Played sound 'srparasites:flesh.primitive' to NoSoyAPA]
[00:06:40] [Server thread/INFO] [net.minecraft.server.dedicated.DedicatedServer]: [: Object successfully summoned]
[00:06:40] [Server thread/INFO] [net.minecraft.server.dedicated.DedicatedServer]: [: Object successfully summoned]
[00:06:40] [Server thread/INFO] [net.minecraft.server.dedicated.DedicatedServer]: [: Object successfully summoned]
[00:06:40] [Server thread/INFO] [net.minecraft.server.dedicated.DedicatedServer]: [: Playing effect smoke for 30 times]
[00:06:40] [Server thread/INFO] [net.minecraft.server.dedicated.DedicatedServer]: [: Played sound 'srparasites:flesh.primitive' to NoSoyAPA]
[00:06:41] [Server thread/INFO] [net.minecraft.server.dedicated.DedicatedServer]: [moltgames: Teleported moltgames to -2406.5, 63.5, -724.5]
[00:06:42] [Server thread/INFO] [net.minecraft.server.dedicated.DedicatedServer]: [: Object successfully summoned]
[00:06:42] [Server thread/INFO] [net.minecraft.server.dedicated.DedicatedServer]: [: Object successfully summoned]
[00:06:42] [Server thread/INFO] [net.minecraft.server.dedicated.DedicatedServer]: [: Playing effect smoke for 30 times]
[00:06:42] [Server thread/INFO] [net.minecraft.server.dedicated.DedicatedServer]: [: Played sound 'srparasites:flesh.primitive' to NoSoyAPA]
[00:07:31] [Server thread/INFO] [net.minecraft.server.dedicated.DedicatedServer]: <moltgames> finalmente termine mi horno de acero contemporaneo
[00:08:25] [Server thread/WARN] [FML]: SRP: Nests Addon (by NoCube) loaded a new chunk [36, 13] in dimension 0 (overworld) while populating chunk [35, 13], causing cascading worldgen lag.
[00:08:25] [Server thread/WARN] [FML]: Please report this to the mod's issue tracker. This log can be disabled in the Forge config.
[00:09:24] [Server thread/INFO] [net.minecraft.server.dedicated.DedicatedServer]: [moltgames: Set own game mode to Creative Mode]
[00:09:35] [Server thread/INFO] [net.minecraft.server.dedicated.DedicatedServer]: [moltgames: Set own game mode to Survival Mode]
[00:09:47] [Server thread/INFO] [net.minecraft.server.dedicated.DedicatedServer]: [: Object successfully summoned]
[00:09:47] [Server thread/INFO] [net.minecraft.server.dedicated.DedicatedServer]: [: Object successfully summoned]
[00:09:47] [Server thread/INFO] [net.minecraft.server.dedicated.DedicatedServer]: [: Object successfully summoned]
[00:09:47] [Server thread/INFO] [net.minecraft.server.dedicated.DedicatedServer]: [: Playing effect smoke for 30 times]
[00:09:47] [Server thread/INFO] [net.minecraft.server.dedicated.DedicatedServer]: [: Played sound 'srparasites:flesh.primitive' to NoSoyAPA]
[00:09:49] [Server thread/INFO] [net.minecraft.server.dedicated.DedicatedServer]: [: Playing effect smoke for 30 times]
[00:09:49] [Server thread/INFO] [net.minecraft.server.dedicated.DedicatedServer]: [: Played sound 'srparasites:flesh.primitive' to NoSoyAPA]
[00:09:49] [Server thread/INFO] [net.minecraft.server.dedicated.DedicatedServer]: <moltgames> efectivamente , falta meterle crafteos a alguna armas
[00:09:51] [Server thread/INFO] [net.minecraft.server.dedicated.DedicatedServer]: [: Playing effect smoke for 30 times]
[00:09:51] [Server thread/INFO] [net.minecraft.server.dedicated.DedicatedServer]: [: Played sound 'srparasites:flesh.primitive' to NoSoyAPA]
[00:09:54] [Server thread/INFO] [net.minecraft.server.dedicated.DedicatedServer]: [: Object successfully summoned]
[00:09:54] [Server thread/INFO] [net.minecraft.server.dedicated.DedicatedServer]: [: Object successfully summoned]
[00:09:54] [Server thread/INFO] [net.minecraft.server.dedicated.DedicatedServer]: [: Object successfully summoned]
[00:09:54] [Server thread/INFO] [net.minecraft.server.dedicated.DedicatedServer]: [: Playing effect smoke for 30 times]
[00:09:54] [Server thread/INFO] [net.minecraft.server.dedicated.DedicatedServer]: [: Played sound 'srparasites:flesh.primitive' to NoSoyAPA]
[00:09:55] [Server thread/INFO] [net.minecraft.server.dedicated.DedicatedServer]: [: Object successfully summoned]
[00:09:55] [Server thread/INFO] [net.minecraft.server.dedicated.DedicatedServer]: [: Object successfully summoned]
[00:09:55] [Server thread/INFO] [net.minecraft.server.dedicated.DedicatedServer]: [: Playing effect smoke for 30 times]
[00:09:55] [Server thread/INFO] [net.minecraft.server.dedicated.DedicatedServer]: [: Played sound 'srparasites:flesh.primitive' to NoSoyAPA]
[00:10:00] [Server thread/INFO] [net.minecraft.server.dedicated.DedicatedServer]: [: Object successfully summoned]
[00:10:00] [Server thread/INFO] [net.minecraft.server.dedicated.DedicatedServer]: [: Object successfully summoned]
[00:10:00] [Server thread/INFO] [net.minecraft.server.dedicated.DedicatedServer]: [: Object successfully summoned]
[00:10:00] [Server thread/INFO] [net.minecraft.server.dedicated.DedicatedServer]: [: Playing effect smoke for 30 times]
[00:10:00] [Server thread/INFO] [net.minecraft.server.dedicated.DedicatedServer]: [: Played sound 'srparasites:flesh.primitive' to NoSoyAPA]
[00:10:02] [Server thread/INFO] [net.minecraft.server.dedicated.DedicatedServer]: [: Object successfully summoned]
[00:10:02] [Server thread/INFO] [net.minecraft.server.dedicated.DedicatedServer]: [: Object successfully summoned]
[00:10:02] [Server thread/INFO] [net.minecraft.server.dedicated.DedicatedServer]: [: Object successfully summoned]
[00:10:02] [Server thread/INFO] [net.minecraft.server.dedicated.DedicatedServer]: [: Playing effect smoke for 30 times]
[00:10:02] [Server thread/INFO] [net.minecraft.server.dedicated.DedicatedServer]: [: Played sound 'srparasites:flesh.primitive' to NoSoyAPA]
[00:10:03] [Server thread/INFO] [net.minecraft.server.dedicated.DedicatedServer]: [: Object successfully summoned]
[00:10:03] [Server thread/INFO] [net.minecraft.server.dedicated.DedicatedServer]: [: Object successfully summoned]
[00:10:03] [Server thread/INFO] [net.minecraft.server.dedicated.DedicatedServer]: [: Object successfully summoned]
[00:10:03] [Server thread/INFO] [net.minecraft.server.dedicated.DedicatedServer]: [: Playing effect smoke for 30 times]
[00:10:03] [Server thread/INFO] [net.minecraft.server.dedicated.DedicatedServer]: [: Played sound 'srparasites:flesh.primitive' to NoSoyAPA]
[00:10:04] [Server thread/INFO] [net.minecraft.server.dedicated.DedicatedServer]: [: Playing effect smoke for 30 times]
[00:10:04] [Server thread/INFO] [net.minecraft.server.dedicated.DedicatedServer]: [: Played sound 'srparasites:flesh.primitive' to NoSoyAPA]
[00:10:05] [Server thread/INFO] [net.minecraft.server.dedicated.DedicatedServer]: [: Object successfully summoned]
[00:10:05] [Server thread/INFO] [net.minecraft.server.dedicated.DedicatedServer]: [: Object successfully summoned]
[00:10:05] [Server thread/INFO] [net.minecraft.server.dedicated.DedicatedServer]: [: Object successfully summoned]
[00:10:05] [Server thread/INFO] [net.minecraft.server.dedicated.DedicatedServer]: [: Playing effect smoke for 30 times]
[00:10:05] [Server thread/INFO] [net.minecraft.server.dedicated.DedicatedServer]: [: Played sound 'srparasites:flesh.primitive' to NoSoyAPA]
[00:10:06] [Server thread/INFO] [net.minecraft.server.dedicated.DedicatedServer]: [: Object successfully summoned]
[00:10:06] [Server thread/INFO] [net.minecraft.server.dedicated.DedicatedServer]: [: Object successfully summoned]
[00:10:06] [Server thread/INFO] [net.minecraft.server.dedicated.DedicatedServer]: [: Object successfully summoned]
[00:10:06] [Server thread/INFO] [net.minecraft.server.dedicated.DedicatedServer]: [: Playing effect smoke for 30 times]
[00:10:06] [Server thread/INFO] [net.minecraft.server.dedicated.DedicatedServer]: [: Played sound 'srparasites:flesh.primitive' to NoSoyAPA]
[00:10:07] [Server thread/INFO] [net.minecraft.server.dedicated.DedicatedServer]: [: Playing effect smoke for 30 times]
[00:10:07] [Server thread/INFO] [net.minecraft.server.dedicated.DedicatedServer]: [: Played sound 'srparasites:flesh.primitive' to NoSoyAPA]
[00:10:08] [Server thread/INFO] [net.minecraft.server.dedicated.DedicatedServer]: [: Object successfully summoned]
[00:10:08] [Server thread/INFO] [net.minecraft.server.dedicated.DedicatedServer]: [: Object successfully summoned]
[00:10:08] [Server thread/INFO] [net.minecraft.server.dedicated.DedicatedServer]: [: Object successfully summoned]
[00:10:08] [Server thread/INFO] [net.minecraft.server.dedicated.DedicatedServer]: [: Playing effect smoke for 30 times]
[00:10:08] [Server thread/INFO] [net.minecraft.server.dedicated.DedicatedServer]: [: Played sound 'srparasites:flesh.primitive' to NoSoyAPA]
[00:10:08] [Server thread/INFO] [net.minecraft.server.dedicated.DedicatedServer]: [: Playing effect smoke for 30 times]
[00:10:08] [Server thread/INFO] [net.minecraft.server.dedicated.DedicatedServer]: [: Played sound 'srparasites:flesh.primitive' to NoSoyAPA]
[00:10:19] [Server thread/INFO] [net.minecraft.server.dedicated.DedicatedServer]: <NoSoyAPA> cual
[00:10:27] [Server thread/INFO] [net.minecraft.server.dedicated.DedicatedServer]: <moltgames> las armaduras vivientes
[00:10:36] [Server thread/INFO] [net.minecraft.server.dedicated.DedicatedServer]: Guiso_de_Posho has made the advancement [Hot Stuff]
[00:11:46] [Server thread/INFO] [net.minecraft.server.dedicated.DedicatedServer]: NoSoyAPA fell from a high place
[00:11:46] [Server thread/INFO] [enderio]: Galacticraft inventory inaccessable. Most likely because it is not installed.
[00:11:50] [Server thread/INFO] [net.minecraft.server.dedicated.DedicatedServer]: <moltgames> xd
[00:11:51] [Server thread/INFO] [net.minecraft.server.dedicated.DedicatedServer]: <Guiso_de_Posho> XD
[00:11:51] [Server thread/INFO] [net.minecraft.server.dedicated.DedicatedServer]: <NoSoyAPA> nada xddd
[00:12:41] [Server thread/INFO] [net.minecraft.server.dedicated.DedicatedServer]: <NoSoyAPA> que se haga de dia y voy por mis cosas
[00:15:35] [Server thread/WARN] [net.minecraft.entity.EntityList]: Skipping Entity with id minecraft:
[00:15:57] [Server thread/INFO] [net.minecraft.network.NetHandlerPlayServer]: moltgames lost connection: Disconnected
[00:15:57] [Server thread/INFO] [net.minecraft.server.dedicated.DedicatedServer]: moltgames left the game
[00:16:06] [Server thread/INFO] [net.minecraft.server.dedicated.DedicatedServer]: <Guiso_de_Posho> gei
[00:16:16] [Server thread/WARN] [FML]: Quark loaded a new chunk [27, 14] in dimension 0 (overworld) while populating chunk [26, 15], causing cascading worldgen lag.
[00:16:16] [Server thread/WARN] [FML]: Please report this to the mod's issue tracker. This log can be disabled in the Forge config.
[00:16:16] [Server thread/WARN] [FML]: SRP: Nests Addon (by NoCube) loaded a new chunk [27, 20] in dimension 0 (overworld) while populating chunk [26, 20], causing cascading worldgen lag.
[00:16:16] [Server thread/WARN] [FML]: Please report this to the mod's issue tracker. This log can be disabled in the Forge config.
[00:16:21] [Server thread/WARN] [net.minecraft.entity.EntityList]: Skipping Entity with id minecraft:
[00:16:47] [Server thread/INFO] [net.minecraft.server.dedicated.DedicatedServer]: [Server] voy a abir el server por mi cel, se va a cerrar un rato
[00:16:54] [Server thread/INFO] [net.minecraft.server.dedicated.DedicatedServer]: <NoSoyAPA> PERA
[00:16:56] [Server thread/INFO] [net.minecraft.server.dedicated.DedicatedServer]: <NoSoyAPA> MIS COSAS
[00:16:59] [Server thread/INFO] [net.minecraft.server.dedicated.DedicatedServer]: <Guiso_de_Posho> d1
[00:17:55] [Server thread/INFO] [net.minecraft.server.dedicated.DedicatedServer]: Stopping the server
[00:17:55] [Server thread/INFO] [net.minecraft.server.MinecraftServer]: Stopping server
[00:17:55] [Server thread/INFO] [net.minecraft.server.MinecraftServer]: Saving players
[00:17:55] [Server thread/INFO] [net.minecraft.server.MinecraftServer]: Saving worlds
[00:17:55] [Server thread/INFO] [net.minecraft.server.MinecraftServer]: Saving chunks for level 'world'/overworld
[00:17:55] [Server thread/INFO] [net.minecraft.server.MinecraftServer]: Saving chunks for level 'world'/Storage Cell
[00:17:56] [Server thread/INFO] [FML]: Unloading dimension 0
[00:17:56] [Server thread/INFO] [FML]: Unloading dimension 2
[00:17:56] [Server thread/INFO] [FluxNetworks]: FluxNetworkData has been unloaded
[00:17:56] [Server Shutdown Thread/INFO] [net.minecraft.server.MinecraftServer]: Stopping server
